<?xml version="1.0" encoding="UTF-8"?>
<!-- Generated by org.testng.reporters.JUnitReportReporter -->
<testsuite hostname="admin-PC" failures="0" tests="5" name="testRunner.Runner" time="53.420" errors="0" timestamp="2024-10-10T15:31:48 IST" skipped="0">
  <testcase classname="testRunner.Runner" name="runScenario" time="11.190"/>
  <testcase classname="testRunner.Runner" name="runScenario" time="9.263"/>
  <testcase classname="testRunner.Runner" name="runScenario" time="8.781"/>
  <testcase classname="testRunner.Runner" name="runScenario" time="14.021"/>
  <testcase classname="testRunner.Runner" name="runScenario" time="10.165"/>
</testsuite> <!-- testRunner.Runner -->
