<?xml version="1.0" encoding="UTF-8"?>
<!-- Generated by org.testng.reporters.JUnitReportReporter -->
<testsuite hostname="admin-PC" failures="0" tests="5" name="testRunner.Runner" time="79.652" errors="0" timestamp="2024-10-10T18:12:01 IST" skipped="0">
  <testcase classname="testRunner.Runner" name="runScenario" time="19.290"/>
  <testcase classname="testRunner.Runner" name="runScenario" time="15.744"/>
  <testcase classname="testRunner.Runner" name="runScenario" time="14.737"/>
  <testcase classname="testRunner.Runner" name="runScenario" time="15.458"/>
  <testcase classname="testRunner.Runner" name="runScenario" time="14.423"/>
</testsuite> <!-- testRunner.Runner -->
